<?xml version="1.0" encoding="UTF-8"?>
<!-- Generated by org.testng.reporters.JUnitReportReporter -->
<testsuite hostname="DESKTOP-30SV0HJ" failures="0" tests="1" name="tests.test_get_request" time="2.277" errors="0" timestamp="2023-06-12T18:42:13 BDT" skipped="0">
  <testcase classname="tests.test_get_request" name="testGetRequest" time="2.277"/>
</testsuite> <!-- tests.test_get_request -->
