<?xml version="1.0" encoding="UTF-8"?>
<!-- Generated by org.testng.reporters.JUnitReportReporter -->
<testsuite hostname="DESKTOP-30SV0HJ" failures="0" tests="1" name="tests.TestEXamples" time="2.968" errors="0" timestamp="2023-06-12T17:18:20 BDT" skipped="0">
  <testcase classname="tests.TestEXamples" name="testGetRequest" time="2.968"/>
</testsuite> <!-- tests.TestEXamples -->
