<?xml version="1.0" encoding="UTF-8"?>
<!-- Generated by org.testng.reporters.JUnitReportReporter -->
<testsuite hostname="DESKTOP-30SV0HJ" failures="0" tests="1" name="tests.test_post_request" time="3.115" errors="0" timestamp="2023-06-12T18:55:35 BDT" skipped="0">
  <testcase classname="tests.test_post_request" name="testPostRequest" time="3.115"/>
</testsuite> <!-- tests.test_post_request -->
